[ 2017-06-17T14:38:41+08:00 ] ::1 /wancezy/JDshop/index.php
INFO: [ app_init ] --START--
INFO: Run Behavior\BuildLiteBehavior [ RunTime:0.000000s ]
INFO: [ app_init ] --END-- [ RunTime:0.052003s ]
INFO: [ app_begin ] --START--
INFO: Run Behavior\ReadHtmlCacheBehavior [ RunTime:0.033002s ]
INFO: Run Common\Behaviors\appBeginBehavior [ RunTime:0.007000s ]
INFO: [ app_begin ] --END-- [ RunTime:0.040002s ]
SQL: SHOW COLUMNS FROM `jn_category` [ RunTime:0.0430s ]
SQL: SELECT * FROM `jn_category`  [ RunTime:0.0180s ]
SQL: SHOW COLUMNS FROM `jn_brand` [ RunTime:0.0460s ]
SQL: SELECT `b_logo` FROM `jn_brand` LIMIT 8   [ RunTime:0.0060s ]
SQL: SHOW COLUMNS FROM `jn_goods` [ RunTime:0.0540s ]
SQL: SELECT * FROM `jn_goods` LIMIT 10   [ RunTime:0.0120s ]
SQL: SELECT * FROM `jn_goods` WHERE ( g_area='京东秒杀' )  [ RunTime:0.0010s ]
SQL: SELECT * FROM `jn_goods` WHERE ( g_area='fbt_p' )  [ RunTime:0.0010s ]
SQL: SELECT * FROM `jn_goods` WHERE ( g_area='fbt_f' )  [ RunTime:0.0010s ]
SQL: SELECT * FROM `jn_goods` WHERE ( g_area='fbt' ) ORDER BY click_rate desc LIMIT 6   [ RunTime:0.0010s ]
SQL: SELECT * FROM `jn_goods` WHERE ( jn_category_c_id=89 ) ORDER BY click_rate desc LIMIT 6   [ RunTime:0.0010s ]
SQL: SELECT * FROM `jn_goods` WHERE ( jn_category_c_id=192 ) ORDER BY g_id desc LIMIT 4   [ RunTime:0.0010s ]
SQL: SELECT * FROM `jn_goods` WHERE ( jn_category_c_id=89 ) ORDER BY g_id desc LIMIT 4   [ RunTime:0.0010s ]
SQL: SELECT * FROM `jn_goods` WHERE ( jn_type_t_id=10 ) LIMIT 4   [ RunTime:0.0010s ]
SQL: SELECT * FROM `jn_goods` WHERE ( jn_type_t_id=11 ) LIMIT 4   [ RunTime:0.0010s ]
SQL: SELECT * FROM `jn_brand` WHERE ( b_ceng=9 ) LIMIT 12   [ RunTime:0.0010s ]
SQL: SELECT * FROM `jn_brand` WHERE ( b_ceng=3 ) LIMIT 6   [ RunTime:0.0010s ]
SQL: SELECT * FROM `jn_brand` WHERE ( b_ceng=2 ) LIMIT 6   [ RunTime:0.0010s ]
INFO: [ view_parse ] --START--
INFO: [ template_filter ] --START--
INFO: Run Behavior\ContentReplaceBehavior [ RunTime:0.015001s ]
INFO: [ template_filter ] --END-- [ RunTime:0.015001s ]
NOTIC: [8] Undefined index: user F:\WWW\wancezy\JDshop\Application\Runtime\Cache\Home\2a94b8bda04ff446dcedd42276fc99ee.php 第 51 行.
INFO: Run Behavior\ParseTemplateBehavior [ RunTime:0.207011s ]
INFO: [ view_parse ] --END-- [ RunTime:0.207011s ]
INFO: [ view_filter ] --START--
INFO: Run Behavior\WriteHtmlCacheBehavior [ RunTime:0.013001s ]
INFO: [ view_filter ] --END-- [ RunTime:0.013001s ]
INFO: [ app_end ] --START--
INFO: Run Behavior\ShowPageTraceBehavior [ RunTime:0.002001s ]
INFO: [ app_end ] --END-- [ RunTime:0.002001s ]

[ 2017-06-17T14:38:57+08:00 ] ::1 /wancezy/JDshop/index.php/Home/content/index/g_id/72.html
INFO: [ app_init ] --START--
INFO: Run Behavior\BuildLiteBehavior [ RunTime:0.000000s ]
INFO: [ app_init ] --END-- [ RunTime:0.000000s ]
INFO: [ app_begin ] --START--
INFO: Run Behavior\ReadHtmlCacheBehavior [ RunTime:0.001000s ]
INFO: Run Common\Behaviors\appBeginBehavior [ RunTime:0.001000s ]
INFO: [ app_begin ] --END-- [ RunTime:0.002000s ]
SQL: SHOW COLUMNS FROM `jn_goods` [ RunTime:0.0120s ]
SQL: SELECT * FROM `jn_goods` WHERE ( g_id=72 ) LIMIT 1   [ RunTime:0.0010s ]
SQL: SHOW COLUMNS FROM `jn_brand` [ RunTime:0.0060s ]
SQL: SELECT * FROM `jn_brand` WHERE ( b_id=52 ) LIMIT 1   [ RunTime:0.0010s ]
SQL: SHOW COLUMNS FROM `jn_category` [ RunTime:0.0040s ]
SQL: SELECT * FROM `jn_category` WHERE ( c_id=95 ) LIMIT 1   [ RunTime:0.0000s ]
SQL: SELECT * FROM `jn_category` WHERE ( c_id=43 ) LIMIT 1   [ RunTime:0.0000s ]
SQL: SHOW COLUMNS FROM `jn_type_attr` [ RunTime:0.0460s ]
SQL: SELECT ta_id,attr_name FROM `jn_type_attr` WHERE ( attr_type=1 and jn_type_t_id=1 )  [ RunTime:0.0110s ]
SQL: SHOW COLUMNS FROM `jn_goods_attr` [ RunTime:0.0690s ]
SQL: SELECT * FROM `jn_goods_attr` WHERE ( jn_type_attr_ta_id=7 and jn_goods_g_id=72 )  [ RunTime:0.0190s ]
SQL: SELECT * FROM `jn_goods_attr` WHERE ( jn_type_attr_ta_id=8 and jn_goods_g_id=72 )  [ RunTime:0.0010s ]
SQL: SHOW COLUMNS FROM `jn_goods_detail` [ RunTime:0.0220s ]
SQL: SELECT * FROM `jn_goods_detail` WHERE ( jn_goods_g_id=72 ) LIMIT 1   [ RunTime:0.1280s ]
SQL: SELECT * FROM jn_goods_attr ga INNER JOIN jn_type_attr ta on ga.jn_type_attr_ta_id=ta.ta_id  WHERE ( attr_type=2 and jn_goods_g_id=72 )  [ RunTime:0.0010s ]
INFO: [ view_parse ] --START--
INFO: [ template_filter ] --START--
INFO: Run Behavior\ContentReplaceBehavior [ RunTime:0.001000s ]
INFO: [ template_filter ] --END-- [ RunTime:0.001000s ]
INFO: Run Behavior\ParseTemplateBehavior [ RunTime:0.038002s ]
INFO: [ view_parse ] --END-- [ RunTime:0.038002s ]
INFO: [ view_filter ] --START--
INFO: Run Behavior\WriteHtmlCacheBehavior [ RunTime:0.000000s ]
INFO: [ view_filter ] --END-- [ RunTime:0.000000s ]
INFO: [ app_end ] --START--
INFO: Run Behavior\ShowPageTraceBehavior [ RunTime:0.001000s ]
INFO: [ app_end ] --END-- [ RunTime:0.001000s ]

[ 2017-06-17T14:39:11+08:00 ] ::1 /wancezy/JDshop/index.php/home/content/addCart.html
INFO: [ app_init ] --START--
INFO: Run Behavior\BuildLiteBehavior [ RunTime:0.000000s ]
INFO: [ app_init ] --END-- [ RunTime:0.001000s ]
INFO: [ app_begin ] --START--
INFO: Run Behavior\ReadHtmlCacheBehavior [ RunTime:0.000000s ]
INFO: Run Common\Behaviors\appBeginBehavior [ RunTime:0.001000s ]
INFO: [ app_begin ] --END-- [ RunTime:0.001000s ]
SQL: SHOW COLUMNS FROM `jn_goods` [ RunTime:0.0110s ]
SQL: SELECT * FROM `jn_goods` WHERE ( g_id=72 ) LIMIT 1   [ RunTime:0.0010s ]
NOTIC: [2] Missing argument 1 for Org\Util\Cart::__construct(), called in F:\WWW\wancezy\JDshop\Application\Home\Controller\ContentController.class.php on line 80 and defined F:\WWW\wancezy\JDshop\ThinkPHP\Library\Org\Util\Cart.class.php 第 24 行.
NOTIC: [8] Undefined variable: app F:\WWW\wancezy\JDshop\ThinkPHP\Library\Org\Util\Cart.class.php 第 25 行.
NOTIC: [8] Undefined index: cart F:\WWW\wancezy\JDshop\ThinkPHP\Library\Org\Util\Cart.class.php 第 191 行.

[ 2017-06-17T14:39:12+08:00 ] ::1 /wancezy/JDshop/index.php/home/cart/index.html
INFO: [ app_init ] --START--
INFO: Run Behavior\BuildLiteBehavior [ RunTime:0.000000s ]
INFO: [ app_init ] --END-- [ RunTime:0.001000s ]
INFO: [ app_begin ] --START--
INFO: Run Behavior\ReadHtmlCacheBehavior [ RunTime:0.001000s ]
INFO: Run Common\Behaviors\appBeginBehavior [ RunTime:0.001000s ]
INFO: [ app_begin ] --END-- [ RunTime:0.002000s ]
SQL: SHOW COLUMNS FROM `jn_goods` [ RunTime:0.0050s ]
SQL: SELECT `jn_type_t_id` FROM `jn_goods` WHERE ( g_id=72 ) LIMIT 1   [ RunTime:0.0000s ]
SQL: SHOW COLUMNS FROM `jn_type_attr` [ RunTime:0.0040s ]
SQL: SELECT * FROM `jn_type_attr` WHERE ( jn_type_t_id=1 and attr_type=1 )  [ RunTime:0.0010s ]
INFO: [ view_parse ] --START--
INFO: [ template_filter ] --START--
INFO: Run Behavior\ContentReplaceBehavior [ RunTime:0.001000s ]
INFO: [ template_filter ] --END-- [ RunTime:0.001000s ]
NOTIC: [8] Use of undefined constant cart - assumed 'cart' F:\WWW\wancezy\JDshop\Application\Runtime\Cache\Home\6f105010063b4e4da2af04cb5dd2d5a4.php 第 724 行.
NOTIC: [8] Use of undefined constant goods - assumed 'goods' F:\WWW\wancezy\JDshop\Application\Runtime\Cache\Home\6f105010063b4e4da2af04cb5dd2d5a4.php 第 724 行.
NOTIC: [8] Use of undefined constant cart - assumed 'cart' F:\WWW\wancezy\JDshop\Application\Runtime\Cache\Home\6f105010063b4e4da2af04cb5dd2d5a4.php 第 724 行.
NOTIC: [8] Use of undefined constant goods - assumed 'goods' F:\WWW\wancezy\JDshop\Application\Runtime\Cache\Home\6f105010063b4e4da2af04cb5dd2d5a4.php 第 724 行.
INFO: Run Behavior\ParseTemplateBehavior [ RunTime:0.030001s ]
INFO: [ view_parse ] --END-- [ RunTime:0.030001s ]
INFO: [ view_filter ] --START--
INFO: Run Behavior\WriteHtmlCacheBehavior [ RunTime:0.001000s ]
INFO: [ view_filter ] --END-- [ RunTime:0.001000s ]
INFO: [ app_end ] --START--
INFO: Run Behavior\ShowPageTraceBehavior [ RunTime:0.000000s ]
INFO: [ app_end ] --END-- [ RunTime:0.000000s ]

[ 2017-06-17T14:39:19+08:00 ] ::1 /wancezy/JDshop/index.php/home/OrderSettle/index.html
INFO: [ app_init ] --START--
INFO: Run Behavior\BuildLiteBehavior [ RunTime:0.000000s ]
INFO: [ app_init ] --END-- [ RunTime:0.001000s ]
INFO: [ app_begin ] --START--
INFO: Run Behavior\ReadHtmlCacheBehavior [ RunTime:0.001000s ]
INFO: Run Common\Behaviors\appBeginBehavior [ RunTime:0.000000s ]
INFO: [ app_begin ] --END-- [ RunTime:0.001000s ]
NOTIC: [8] Undefined index: user F:\WWW\wancezy\JDshop\Application\Common\Controller\ForeBaseController.class.php 第 26 行.
INFO: [ view_parse ] --START--
INFO: [ template_filter ] --START--
INFO: Run Behavior\ContentReplaceBehavior [ RunTime:0.000000s ]
INFO: [ template_filter ] --END-- [ RunTime:0.000000s ]
INFO: Run Behavior\ParseTemplateBehavior [ RunTime:0.078005s ]
INFO: [ view_parse ] --END-- [ RunTime:0.078005s ]
INFO: [ view_filter ] --START--
INFO: Run Behavior\WriteHtmlCacheBehavior [ RunTime:0.000000s ]
INFO: [ view_filter ] --END-- [ RunTime:0.001000s ]
INFO: [ view_parse ] --START--
INFO: [ template_filter ] --START--
INFO: Run Behavior\ContentReplaceBehavior [ RunTime:0.001000s ]
INFO: [ template_filter ] --END-- [ RunTime:-0.018002s ]
INFO: Run Behavior\ParseTemplateBehavior [ RunTime:0.020001s ]
INFO: [ view_parse ] --END-- [ RunTime:-0.001000s ]
INFO: [ view_filter ] --START--
INFO: Run Behavior\WriteHtmlCacheBehavior [ RunTime:0.000000s ]
INFO: [ view_filter ] --END-- [ RunTime:-0.020001s ]
INFO: [ app_end ] --START--
INFO: Run Behavior\ShowPageTraceBehavior [ RunTime:0.001000s ]
INFO: [ app_end ] --END-- [ RunTime:0.001000s ]

[ 2017-06-17T14:39:20+08:00 ] ::1 /wancezy/JDshop/index.php/home/login/index.html
INFO: [ app_init ] --START--
INFO: Run Behavior\BuildLiteBehavior [ RunTime:0.000000s ]
INFO: [ app_init ] --END-- [ RunTime:0.001000s ]
INFO: [ app_begin ] --START--
INFO: Run Behavior\ReadHtmlCacheBehavior [ RunTime:0.001000s ]
INFO: Run Common\Behaviors\appBeginBehavior [ RunTime:0.001000s ]
INFO: [ app_begin ] --END-- [ RunTime:0.002000s ]
INFO: [ view_parse ] --START--
INFO: [ template_filter ] --START--
INFO: Run Behavior\ContentReplaceBehavior [ RunTime:0.000000s ]
INFO: [ template_filter ] --END-- [ RunTime:0.000000s ]
INFO: Run Behavior\ParseTemplateBehavior [ RunTime:0.019001s ]
INFO: [ view_parse ] --END-- [ RunTime:0.019001s ]
INFO: [ view_filter ] --START--
INFO: Run Behavior\WriteHtmlCacheBehavior [ RunTime:0.001000s ]
INFO: [ view_filter ] --END-- [ RunTime:0.001000s ]
INFO: [ app_end ] --START--
INFO: Run Behavior\ShowPageTraceBehavior [ RunTime:0.001001s ]
INFO: [ app_end ] --END-- [ RunTime:0.002001s ]

[ 2017-06-17T14:40:04+08:00 ] ::1 /wancezy/JDshop/index.php/home/login/index.html
INFO: [ app_init ] --START--
INFO: Run Behavior\BuildLiteBehavior [ RunTime:0.001000s ]
INFO: [ app_init ] --END-- [ RunTime:0.001000s ]
INFO: [ app_begin ] --START--
INFO: Run Behavior\ReadHtmlCacheBehavior [ RunTime:0.001000s ]
INFO: Run Common\Behaviors\appBeginBehavior [ RunTime:0.001000s ]
INFO: [ app_begin ] --END-- [ RunTime:0.002000s ]
SQL: SHOW COLUMNS FROM `jn_user` [ RunTime:0.0780s ]
NOTIC: [8] Undefined index: validate F:\WWW\wancezy\JDshop\ThinkPHP\Library\Think\Model.class.php 第 1185 行.
NOTIC: [2] preg_match(): Delimiter must not be alphanumeric or backslash F:\WWW\wancezy\JDshop\ThinkPHP\Library\Think\Model.class.php 第 1117 行.
SQL: SELECT * FROM `jn_user` WHERE ( username='hua' and password='123' ) LIMIT 1   [ RunTime:0.0010s ]
INFO: [ view_parse ] --START--
INFO: [ template_filter ] --START--
INFO: Run Behavior\ContentReplaceBehavior [ RunTime:0.000000s ]
INFO: [ template_filter ] --END-- [ RunTime:0.000000s ]
INFO: Run Behavior\ParseTemplateBehavior [ RunTime:0.012001s ]
INFO: [ view_parse ] --END-- [ RunTime:0.012001s ]
INFO: [ view_filter ] --START--
INFO: Run Behavior\WriteHtmlCacheBehavior [ RunTime:0.001000s ]
INFO: [ view_filter ] --END-- [ RunTime:0.001000s ]

[ 2017-06-17T14:40:07+08:00 ] ::1 /wancezy/JDshop/index.php/home/login/index.html
INFO: [ app_init ] --START--
INFO: Run Behavior\BuildLiteBehavior [ RunTime:0.000000s ]
INFO: [ app_init ] --END-- [ RunTime:0.002000s ]
INFO: [ app_begin ] --START--
INFO: Run Behavior\ReadHtmlCacheBehavior [ RunTime:0.000000s ]
INFO: Run Common\Behaviors\appBeginBehavior [ RunTime:0.001000s ]
INFO: [ app_begin ] --END-- [ RunTime:0.001000s ]
INFO: [ view_parse ] --START--
INFO: [ template_filter ] --START--
INFO: Run Behavior\ContentReplaceBehavior [ RunTime:0.000000s ]
INFO: [ template_filter ] --END-- [ RunTime:0.001000s ]
INFO: Run Behavior\ParseTemplateBehavior [ RunTime:0.006001s ]
INFO: [ view_parse ] --END-- [ RunTime:0.006001s ]
INFO: [ view_filter ] --START--
INFO: Run Behavior\WriteHtmlCacheBehavior [ RunTime:0.000000s ]
INFO: [ view_filter ] --END-- [ RunTime:0.000000s ]
INFO: [ app_end ] --START--
INFO: Run Behavior\ShowPageTraceBehavior [ RunTime:0.001000s ]
INFO: [ app_end ] --END-- [ RunTime:0.001000s ]

[ 2017-06-17T14:40:49+08:00 ] ::1 /wancezy/JDshop/index.php/home/login/index.html
INFO: [ app_init ] --START--
INFO: Run Behavior\BuildLiteBehavior [ RunTime:0.000000s ]
INFO: [ app_init ] --END-- [ RunTime:0.001000s ]
INFO: [ app_begin ] --START--
INFO: Run Behavior\ReadHtmlCacheBehavior [ RunTime:0.001000s ]
INFO: Run Common\Behaviors\appBeginBehavior [ RunTime:0.001000s ]
INFO: [ app_begin ] --END-- [ RunTime:0.002000s ]
SQL: SHOW COLUMNS FROM `jn_user` [ RunTime:0.0040s ]
NOTIC: [8] Undefined index: validate F:\WWW\wancezy\JDshop\ThinkPHP\Library\Think\Model.class.php 第 1185 行.
NOTIC: [2] preg_match(): Delimiter must not be alphanumeric or backslash F:\WWW\wancezy\JDshop\ThinkPHP\Library\Think\Model.class.php 第 1117 行.
SQL: SELECT * FROM `jn_user` WHERE ( username='vic' and password='123' ) LIMIT 1   [ RunTime:0.0010s ]
INFO: [ view_parse ] --START--
INFO: [ template_filter ] --START--
INFO: Run Behavior\ContentReplaceBehavior [ RunTime:0.000000s ]
INFO: [ template_filter ] --END-- [ RunTime:0.000000s ]
INFO: Run Behavior\ParseTemplateBehavior [ RunTime:0.004000s ]
INFO: [ view_parse ] --END-- [ RunTime:0.004000s ]
INFO: [ view_filter ] --START--
INFO: Run Behavior\WriteHtmlCacheBehavior [ RunTime:0.000000s ]
INFO: [ view_filter ] --END-- [ RunTime:0.000000s ]

[ 2017-06-17T14:40:52+08:00 ] ::1 /wancezy/JDshop/index.php/home/login/index.html
INFO: [ app_init ] --START--
INFO: Run Behavior\BuildLiteBehavior [ RunTime:0.000000s ]
INFO: [ app_init ] --END-- [ RunTime:0.000000s ]
INFO: [ app_begin ] --START--
INFO: Run Behavior\ReadHtmlCacheBehavior [ RunTime:0.001000s ]
INFO: Run Common\Behaviors\appBeginBehavior [ RunTime:0.001000s ]
INFO: [ app_begin ] --END-- [ RunTime:0.002000s ]
INFO: [ view_parse ] --START--
INFO: [ template_filter ] --START--
INFO: Run Behavior\ContentReplaceBehavior [ RunTime:0.000000s ]
INFO: [ template_filter ] --END-- [ RunTime:0.000000s ]
INFO: Run Behavior\ParseTemplateBehavior [ RunTime:0.005001s ]
INFO: [ view_parse ] --END-- [ RunTime:0.005001s ]
INFO: [ view_filter ] --START--
INFO: Run Behavior\WriteHtmlCacheBehavior [ RunTime:0.000000s ]
INFO: [ view_filter ] --END-- [ RunTime:0.000000s ]
INFO: [ app_end ] --START--
INFO: Run Behavior\ShowPageTraceBehavior [ RunTime:0.001000s ]
INFO: [ app_end ] --END-- [ RunTime:0.001000s ]

[ 2017-06-17T14:40:58+08:00 ] ::1 /wancezy/JDshop/index.php/home/login/index.html
INFO: [ app_init ] --START--
INFO: Run Behavior\BuildLiteBehavior [ RunTime:0.000000s ]
INFO: [ app_init ] --END-- [ RunTime:0.001000s ]
INFO: [ app_begin ] --START--
INFO: Run Behavior\ReadHtmlCacheBehavior [ RunTime:0.001000s ]
INFO: Run Common\Behaviors\appBeginBehavior [ RunTime:0.001000s ]
INFO: [ app_begin ] --END-- [ RunTime:0.002000s ]
INFO: [ view_parse ] --START--
INFO: [ template_filter ] --START--
INFO: Run Behavior\ContentReplaceBehavior [ RunTime:0.000000s ]
INFO: [ template_filter ] --END-- [ RunTime:0.001000s ]
INFO: Run Behavior\ParseTemplateBehavior [ RunTime:0.006001s ]
INFO: [ view_parse ] --END-- [ RunTime:0.006001s ]
INFO: [ view_filter ] --START--
INFO: Run Behavior\WriteHtmlCacheBehavior [ RunTime:0.000000s ]
INFO: [ view_filter ] --END-- [ RunTime:0.000000s ]
INFO: [ app_end ] --START--
INFO: Run Behavior\ShowPageTraceBehavior [ RunTime:0.001000s ]
INFO: [ app_end ] --END-- [ RunTime:0.001000s ]

[ 2017-06-17T14:41:03+08:00 ] ::1 /wancezy/JDshop/index.php/home/OrderSettle/index.html
INFO: [ app_init ] --START--
INFO: Run Behavior\BuildLiteBehavior [ RunTime:0.000000s ]
INFO: [ app_init ] --END-- [ RunTime:0.001000s ]
INFO: [ app_begin ] --START--
INFO: Run Behavior\ReadHtmlCacheBehavior [ RunTime:0.001000s ]
INFO: Run Common\Behaviors\appBeginBehavior [ RunTime:0.001000s ]
INFO: [ app_begin ] --END-- [ RunTime:0.002000s ]
INFO: [ view_parse ] --START--
INFO: [ template_filter ] --START--
INFO: Run Behavior\ContentReplaceBehavior [ RunTime:0.001000s ]
INFO: [ template_filter ] --END-- [ RunTime:0.001000s ]
INFO: Run Behavior\ParseTemplateBehavior [ RunTime:0.010000s ]
INFO: [ view_parse ] --END-- [ RunTime:0.010000s ]
INFO: [ view_filter ] --START--
INFO: Run Behavior\WriteHtmlCacheBehavior [ RunTime:0.001000s ]
INFO: [ view_filter ] --END-- [ RunTime:0.001000s ]
INFO: [ app_end ] --START--
INFO: Run Behavior\ShowPageTraceBehavior [ RunTime:0.001001s ]
INFO: [ app_end ] --END-- [ RunTime:0.001001s ]

[ 2017-06-17T15:06:29+08:00 ] ::1 /wancezy/JDshop/index.php/home/OrderSettle/index.html
INFO: [ app_init ] --START--
INFO: Run Behavior\BuildLiteBehavior [ RunTime:0.000000s ]
INFO: [ app_init ] --END-- [ RunTime:0.001000s ]
INFO: [ app_begin ] --START--
INFO: Run Behavior\ReadHtmlCacheBehavior [ RunTime:0.001000s ]
INFO: Run Common\Behaviors\appBeginBehavior [ RunTime:0.001000s ]
INFO: [ app_begin ] --END-- [ RunTime:0.002000s ]
INFO: [ view_parse ] --START--
INFO: [ template_filter ] --START--
INFO: Run Behavior\ContentReplaceBehavior [ RunTime:0.000000s ]
INFO: [ template_filter ] --END-- [ RunTime:0.000000s ]
INFO: Run Behavior\ParseTemplateBehavior [ RunTime:0.035002s ]
INFO: [ view_parse ] --END-- [ RunTime:0.035002s ]
INFO: [ view_filter ] --START--
INFO: Run Behavior\WriteHtmlCacheBehavior [ RunTime:0.000000s ]
INFO: [ view_filter ] --END-- [ RunTime:0.001000s ]
INFO: [ app_end ] --START--
INFO: Run Behavior\ShowPageTraceBehavior [ RunTime:0.001000s ]
INFO: [ app_end ] --END-- [ RunTime:0.001000s ]

[ 2017-06-17T15:10:17+08:00 ] ::1 /wancezy/JDshop/index.php/home/OrderSettle/index.html
INFO: [ app_init ] --START--
INFO: Run Behavior\BuildLiteBehavior [ RunTime:0.000000s ]
INFO: [ app_init ] --END-- [ RunTime:0.001000s ]
INFO: [ app_begin ] --START--
INFO: Run Behavior\ReadHtmlCacheBehavior [ RunTime:0.000000s ]
INFO: Run Common\Behaviors\appBeginBehavior [ RunTime:0.002000s ]
INFO: [ app_begin ] --END-- [ RunTime:0.002000s ]
INFO: [ view_parse ] --START--
INFO: [ template_filter ] --START--
INFO: Run Behavior\ContentReplaceBehavior [ RunTime:0.001000s ]
INFO: [ template_filter ] --END-- [ RunTime:0.001000s ]
INFO: Run Behavior\ParseTemplateBehavior [ RunTime:0.011001s ]
INFO: [ view_parse ] --END-- [ RunTime:0.011001s ]
INFO: [ view_filter ] --START--
INFO: Run Behavior\WriteHtmlCacheBehavior [ RunTime:0.001000s ]
INFO: [ view_filter ] --END-- [ RunTime:0.001000s ]
INFO: [ app_end ] --START--
INFO: Run Behavior\ShowPageTraceBehavior [ RunTime:0.001000s ]
INFO: [ app_end ] --END-- [ RunTime:0.001000s ]

[ 2017-06-17T15:11:18+08:00 ] ::1 /wancezy/JDshop/index.php/home/OrderSettle/index.html
INFO: [ app_init ] --START--
INFO: Run Behavior\BuildLiteBehavior [ RunTime:0.001000s ]
INFO: [ app_init ] --END-- [ RunTime:0.001000s ]
INFO: [ app_begin ] --START--
INFO: Run Behavior\ReadHtmlCacheBehavior [ RunTime:0.001000s ]
INFO: Run Common\Behaviors\appBeginBehavior [ RunTime:0.000000s ]
INFO: [ app_begin ] --END-- [ RunTime:0.001000s ]
NOTIC: [8] Undefined index: user F:\WWW\wancezy\JDshop\Application\Common\Controller\ForeBaseController.class.php 第 26 行.
INFO: [ view_parse ] --START--
INFO: [ template_filter ] --START--
INFO: Run Behavior\ContentReplaceBehavior [ RunTime:0.000000s ]
INFO: [ template_filter ] --END-- [ RunTime:0.000000s ]
INFO: Run Behavior\ParseTemplateBehavior [ RunTime:0.005000s ]
INFO: [ view_parse ] --END-- [ RunTime:0.005000s ]
INFO: [ view_filter ] --START--
INFO: Run Behavior\WriteHtmlCacheBehavior [ RunTime:0.001000s ]
INFO: [ view_filter ] --END-- [ RunTime:0.001000s ]
INFO: [ view_parse ] --START--
INFO: [ template_filter ] --START--
INFO: Run Behavior\ContentReplaceBehavior [ RunTime:0.000000s ]
INFO: [ template_filter ] --END-- [ RunTime:-0.008001s ]
INFO: Run Behavior\ParseTemplateBehavior [ RunTime:0.008001s ]
INFO: [ view_parse ] --END-- [ RunTime:-0.001000s ]
INFO: [ view_filter ] --START--
INFO: Run Behavior\WriteHtmlCacheBehavior [ RunTime:0.000000s ]
INFO: [ view_filter ] --END-- [ RunTime:-0.008001s ]
INFO: [ app_end ] --START--
INFO: Run Behavior\ShowPageTraceBehavior [ RunTime:0.000000s ]
INFO: [ app_end ] --END-- [ RunTime:0.001000s ]

[ 2017-06-17T15:11:19+08:00 ] ::1 /wancezy/JDshop/index.php/home/login/index.html
INFO: [ app_init ] --START--
INFO: Run Behavior\BuildLiteBehavior [ RunTime:0.000000s ]
INFO: [ app_init ] --END-- [ RunTime:0.001000s ]
INFO: [ app_begin ] --START--
INFO: Run Behavior\ReadHtmlCacheBehavior [ RunTime:0.001000s ]
INFO: Run Common\Behaviors\appBeginBehavior [ RunTime:0.000000s ]
INFO: [ app_begin ] --END-- [ RunTime:0.001000s ]
INFO: [ view_parse ] --START--
INFO: [ template_filter ] --START--
INFO: Run Behavior\ContentReplaceBehavior [ RunTime:0.000000s ]
INFO: [ template_filter ] --END-- [ RunTime:0.000000s ]
INFO: Run Behavior\ParseTemplateBehavior [ RunTime:0.006000s ]
INFO: [ view_parse ] --END-- [ RunTime:0.006000s ]
INFO: [ view_filter ] --START--
INFO: Run Behavior\WriteHtmlCacheBehavior [ RunTime:0.000000s ]
INFO: [ view_filter ] --END-- [ RunTime:0.000000s ]
INFO: [ app_end ] --START--
INFO: Run Behavior\ShowPageTraceBehavior [ RunTime:0.001000s ]
INFO: [ app_end ] --END-- [ RunTime:0.001000s ]

[ 2017-06-17T15:11:24+08:00 ] ::1 /wancezy/JDshop/index.php/home/login/index.html
INFO: [ app_init ] --START--
INFO: Run Behavior\BuildLiteBehavior [ RunTime:0.000000s ]
INFO: [ app_init ] --END-- [ RunTime:0.000000s ]
INFO: [ app_begin ] --START--
INFO: Run Behavior\ReadHtmlCacheBehavior [ RunTime:0.000000s ]
INFO: Run Common\Behaviors\appBeginBehavior [ RunTime:0.001000s ]
INFO: [ app_begin ] --END-- [ RunTime:0.001000s ]
SQL: SHOW COLUMNS FROM `jn_user` [ RunTime:0.0040s ]
NOTIC: [8] Undefined index: validate F:\WWW\wancezy\JDshop\ThinkPHP\Library\Think\Model.class.php 第 1185 行.
NOTIC: [2] preg_match(): Delimiter must not be alphanumeric or backslash F:\WWW\wancezy\JDshop\ThinkPHP\Library\Think\Model.class.php 第 1117 行.
SQL: SELECT * FROM `jn_user` WHERE ( username='hua' and password='123' ) LIMIT 1   [ RunTime:0.0010s ]
INFO: [ view_parse ] --START--
INFO: [ template_filter ] --START--
INFO: Run Behavior\ContentReplaceBehavior [ RunTime:0.000000s ]
INFO: [ template_filter ] --END-- [ RunTime:0.000000s ]
INFO: Run Behavior\ParseTemplateBehavior [ RunTime:0.004001s ]
INFO: [ view_parse ] --END-- [ RunTime:0.004001s ]
INFO: [ view_filter ] --START--
INFO: Run Behavior\WriteHtmlCacheBehavior [ RunTime:0.000000s ]
INFO: [ view_filter ] --END-- [ RunTime:0.000000s ]

[ 2017-06-17T15:11:27+08:00 ] ::1 /wancezy/JDshop/index.php/home/login/index.html
INFO: [ app_init ] --START--
INFO: Run Behavior\BuildLiteBehavior [ RunTime:0.000000s ]
INFO: [ app_init ] --END-- [ RunTime:0.000000s ]
INFO: [ app_begin ] --START--
INFO: Run Behavior\ReadHtmlCacheBehavior [ RunTime:0.001000s ]
INFO: Run Common\Behaviors\appBeginBehavior [ RunTime:0.001000s ]
INFO: [ app_begin ] --END-- [ RunTime:0.002000s ]
INFO: [ view_parse ] --START--
INFO: [ template_filter ] --START--
INFO: Run Behavior\ContentReplaceBehavior [ RunTime:0.000000s ]
INFO: [ template_filter ] --END-- [ RunTime:0.000000s ]
INFO: Run Behavior\ParseTemplateBehavior [ RunTime:0.005001s ]
INFO: [ view_parse ] --END-- [ RunTime:0.005001s ]
INFO: [ view_filter ] --START--
INFO: Run Behavior\WriteHtmlCacheBehavior [ RunTime:0.001000s ]
INFO: [ view_filter ] --END-- [ RunTime:0.001000s ]
INFO: [ app_end ] --START--
INFO: Run Behavior\ShowPageTraceBehavior [ RunTime:0.000000s ]
INFO: [ app_end ] --END-- [ RunTime:0.000000s ]

[ 2017-06-17T15:11:35+08:00 ] ::1 /wancezy/JDshop/index.php/home/login/index.html
INFO: [ app_init ] --START--
INFO: Run Behavior\BuildLiteBehavior [ RunTime:0.000000s ]
INFO: [ app_init ] --END-- [ RunTime:0.000000s ]
INFO: [ app_begin ] --START--
INFO: Run Behavior\ReadHtmlCacheBehavior [ RunTime:0.001000s ]
INFO: Run Common\Behaviors\appBeginBehavior [ RunTime:0.001000s ]
INFO: [ app_begin ] --END-- [ RunTime:0.002000s ]
SQL: SHOW COLUMNS FROM `jn_user` [ RunTime:0.0120s ]
NOTIC: [8] Undefined index: validate F:\WWW\wancezy\JDshop\ThinkPHP\Library\Think\Model.class.php 第 1185 行.
NOTIC: [2] preg_match(): Delimiter must not be alphanumeric or backslash F:\WWW\wancezy\JDshop\ThinkPHP\Library\Think\Model.class.php 第 1117 行.
SQL: SELECT * FROM `jn_user` WHERE ( username='vic' and password='123' ) LIMIT 1   [ RunTime:0.0010s ]
INFO: [ view_parse ] --START--
INFO: [ template_filter ] --START--
INFO: Run Behavior\ContentReplaceBehavior [ RunTime:0.000000s ]
INFO: [ template_filter ] --END-- [ RunTime:0.000000s ]
INFO: Run Behavior\ParseTemplateBehavior [ RunTime:0.011001s ]
INFO: [ view_parse ] --END-- [ RunTime:0.011001s ]
INFO: [ view_filter ] --START--
INFO: Run Behavior\WriteHtmlCacheBehavior [ RunTime:0.000000s ]
INFO: [ view_filter ] --END-- [ RunTime:0.000000s ]

[ 2017-06-17T15:11:38+08:00 ] ::1 /wancezy/JDshop/index.php/home/login/index.html
INFO: [ app_init ] --START--
INFO: Run Behavior\BuildLiteBehavior [ RunTime:0.000000s ]
INFO: [ app_init ] --END-- [ RunTime:0.000000s ]
INFO: [ app_begin ] --START--
INFO: Run Behavior\ReadHtmlCacheBehavior [ RunTime:0.000000s ]
INFO: Run Common\Behaviors\appBeginBehavior [ RunTime:0.000000s ]
INFO: [ app_begin ] --END-- [ RunTime:0.000000s ]
INFO: [ view_parse ] --START--
INFO: [ template_filter ] --START--
INFO: Run Behavior\ContentReplaceBehavior [ RunTime:0.000000s ]
INFO: [ template_filter ] --END-- [ RunTime:0.000000s ]
INFO: Run Behavior\ParseTemplateBehavior [ RunTime:0.000000s ]
INFO: [ view_parse ] --END-- [ RunTime:0.000000s ]
INFO: [ view_filter ] --START--
INFO: Run Behavior\WriteHtmlCacheBehavior [ RunTime:0.000000s ]
INFO: [ view_filter ] --END-- [ RunTime:0.000000s ]
INFO: [ app_end ] --START--
INFO: Run Behavior\ShowPageTraceBehavior [ RunTime:0.000000s ]
INFO: [ app_end ] --END-- [ RunTime:0.000000s ]

[ 2017-06-17T15:11:45+08:00 ] ::1 /wancezy/JDshop/index.php/home/login/index.html
INFO: [ app_init ] --START--
INFO: Run Behavior\BuildLiteBehavior [ RunTime:0.000000s ]
INFO: [ app_init ] --END-- [ RunTime:0.001000s ]
INFO: [ app_begin ] --START--
INFO: Run Behavior\ReadHtmlCacheBehavior [ RunTime:0.001000s ]
INFO: Run Common\Behaviors\appBeginBehavior [ RunTime:0.001000s ]
INFO: [ app_begin ] --END-- [ RunTime:0.002000s ]
SQL: SHOW COLUMNS FROM `jn_user` [ RunTime:0.0080s ]
NOTIC: [8] Undefined index: validate F:\WWW\wancezy\JDshop\ThinkPHP\Library\Think\Model.class.php 第 1185 行.
NOTIC: [2] preg_match(): Delimiter must not be alphanumeric or backslash F:\WWW\wancezy\JDshop\ThinkPHP\Library\Think\Model.class.php 第 1117 行.
SQL: SELECT * FROM `jn_user` WHERE ( username='vic' and password='123' ) LIMIT 1   [ RunTime:0.0010s ]
INFO: [ view_parse ] --START--
INFO: [ template_filter ] --START--
INFO: Run Behavior\ContentReplaceBehavior [ RunTime:0.000000s ]
INFO: [ template_filter ] --END-- [ RunTime:0.000000s ]
INFO: Run Behavior\ParseTemplateBehavior [ RunTime:0.011001s ]
INFO: [ view_parse ] --END-- [ RunTime:0.011001s ]
INFO: [ view_filter ] --START--
INFO: Run Behavior\WriteHtmlCacheBehavior [ RunTime:0.000000s ]
INFO: [ view_filter ] --END-- [ RunTime:0.001000s ]

[ 2017-06-17T15:11:48+08:00 ] ::1 /wancezy/JDshop/index.php/home/login/index.html
INFO: [ app_init ] --START--
INFO: Run Behavior\BuildLiteBehavior [ RunTime:0.000000s ]
INFO: [ app_init ] --END-- [ RunTime:0.000000s ]
INFO: [ app_begin ] --START--
INFO: Run Behavior\ReadHtmlCacheBehavior [ RunTime:0.001000s ]
INFO: Run Common\Behaviors\appBeginBehavior [ RunTime:0.001000s ]
INFO: [ app_begin ] --END-- [ RunTime:0.002000s ]
INFO: [ view_parse ] --START--
INFO: [ template_filter ] --START--
INFO: Run Behavior\ContentReplaceBehavior [ RunTime:0.000000s ]
INFO: [ template_filter ] --END-- [ RunTime:0.000000s ]
INFO: Run Behavior\ParseTemplateBehavior [ RunTime:0.005000s ]
INFO: [ view_parse ] --END-- [ RunTime:0.005000s ]
INFO: [ view_filter ] --START--
INFO: Run Behavior\WriteHtmlCacheBehavior [ RunTime:0.001000s ]
INFO: [ view_filter ] --END-- [ RunTime:0.001000s ]
INFO: [ app_end ] --START--
INFO: Run Behavior\ShowPageTraceBehavior [ RunTime:0.000000s ]
INFO: [ app_end ] --END-- [ RunTime:0.000000s ]

[ 2017-06-17T15:11:52+08:00 ] ::1 /wancezy/JDshop/index.php/home/cart/index.html
INFO: [ app_init ] --START--
INFO: Run Behavior\BuildLiteBehavior [ RunTime:0.001000s ]
INFO: [ app_init ] --END-- [ RunTime:0.001000s ]
INFO: [ app_begin ] --START--
INFO: Run Behavior\ReadHtmlCacheBehavior [ RunTime:0.001000s ]
INFO: Run Common\Behaviors\appBeginBehavior [ RunTime:0.001000s ]
INFO: [ app_begin ] --END-- [ RunTime:0.003000s ]
NOTIC: [8] Undefined index: cart F:\WWW\wancezy\JDshop\Application\Home\Controller\CartController.class.php 第 22 行.
NOTIC: [2] Invalid argument supplied for foreach() F:\WWW\wancezy\JDshop\Application\Home\Controller\CartController.class.php 第 22 行.
SQL: SHOW COLUMNS FROM `jn_goods` [ RunTime:0.0080s ]
NOTIC: [8] Undefined variable: v F:\WWW\wancezy\JDshop\Application\Home\Controller\CartController.class.php 第 27 行.
ERR: 1064:You have an error in your SQL syntax; check the manual that corresponds to your MySQL server version for the right syntax to use near ') LIMIT 1' at line 1
 [ SQL语句 ] : SELECT `jn_type_t_id` FROM `jn_goods` WHERE ( g_id= ) LIMIT 1  
ERR: 1064:You have an error in your SQL syntax; check the manual that corresponds to your MySQL server version for the right syntax to use near ') LIMIT 1' at line 1
 [ SQL语句 ] : SELECT `jn_type_t_id` FROM `jn_goods` WHERE ( g_id= ) LIMIT 1  

[ 2017-06-17T15:11:54+08:00 ] ::1 /wancezy/JDshop/index.php/Home/content/index/g_id/72.html
INFO: [ app_init ] --START--
INFO: Run Behavior\BuildLiteBehavior [ RunTime:0.000000s ]
INFO: [ app_init ] --END-- [ RunTime:0.000000s ]
INFO: [ app_begin ] --START--
INFO: Run Behavior\ReadHtmlCacheBehavior [ RunTime:0.001000s ]
INFO: Run Common\Behaviors\appBeginBehavior [ RunTime:0.001000s ]
INFO: [ app_begin ] --END-- [ RunTime:0.002000s ]
SQL: SHOW COLUMNS FROM `jn_goods` [ RunTime:0.0090s ]
SQL: SELECT * FROM `jn_goods` WHERE ( g_id=72 ) LIMIT 1   [ RunTime:0.0010s ]
SQL: SHOW COLUMNS FROM `jn_brand` [ RunTime:0.0100s ]
SQL: SELECT * FROM `jn_brand` WHERE ( b_id=52 ) LIMIT 1   [ RunTime:0.0010s ]
SQL: SHOW COLUMNS FROM `jn_category` [ RunTime:0.0100s ]
SQL: SELECT * FROM `jn_category` WHERE ( c_id=95 ) LIMIT 1   [ RunTime:0.0000s ]
SQL: SELECT * FROM `jn_category` WHERE ( c_id=43 ) LIMIT 1   [ RunTime:0.0000s ]
SQL: SHOW COLUMNS FROM `jn_type_attr` [ RunTime:0.0080s ]
SQL: SELECT ta_id,attr_name FROM `jn_type_attr` WHERE ( attr_type=1 and jn_type_t_id=1 )  [ RunTime:0.0010s ]
SQL: SHOW COLUMNS FROM `jn_goods_attr` [ RunTime:0.0040s ]
SQL: SELECT * FROM `jn_goods_attr` WHERE ( jn_type_attr_ta_id=7 and jn_goods_g_id=72 )  [ RunTime:0.0000s ]
SQL: SELECT * FROM `jn_goods_attr` WHERE ( jn_type_attr_ta_id=8 and jn_goods_g_id=72 )  [ RunTime:0.0000s ]
SQL: SHOW COLUMNS FROM `jn_goods_detail` [ RunTime:0.0040s ]
SQL: SELECT * FROM `jn_goods_detail` WHERE ( jn_goods_g_id=72 ) LIMIT 1   [ RunTime:0.0010s ]
SQL: SELECT * FROM jn_goods_attr ga INNER JOIN jn_type_attr ta on ga.jn_type_attr_ta_id=ta.ta_id  WHERE ( attr_type=2 and jn_goods_g_id=72 )  [ RunTime:0.0000s ]
INFO: [ view_parse ] --START--
INFO: [ template_filter ] --START--
INFO: Run Behavior\ContentReplaceBehavior [ RunTime:0.000000s ]
INFO: [ template_filter ] --END-- [ RunTime:0.000000s ]
INFO: Run Behavior\ParseTemplateBehavior [ RunTime:0.015000s ]
INFO: [ view_parse ] --END-- [ RunTime:0.015000s ]
INFO: [ view_filter ] --START--
INFO: Run Behavior\WriteHtmlCacheBehavior [ RunTime:0.001001s ]
INFO: [ view_filter ] --END-- [ RunTime:0.001001s ]
INFO: [ app_end ] --START--
INFO: Run Behavior\ShowPageTraceBehavior [ RunTime:0.001000s ]
INFO: [ app_end ] --END-- [ RunTime:0.001000s ]

[ 2017-06-17T15:12:02+08:00 ] ::1 /wancezy/JDshop/index.php/home/content/addCart.html
INFO: [ app_init ] --START--
INFO: Run Behavior\BuildLiteBehavior [ RunTime:0.000000s ]
INFO: [ app_init ] --END-- [ RunTime:0.001000s ]
INFO: [ app_begin ] --START--
INFO: Run Behavior\ReadHtmlCacheBehavior [ RunTime:0.000000s ]
INFO: Run Common\Behaviors\appBeginBehavior [ RunTime:0.001000s ]
INFO: [ app_begin ] --END-- [ RunTime:0.001000s ]
SQL: SHOW COLUMNS FROM `jn_goods` [ RunTime:0.0000s ]
SQL: SELECT * FROM `jn_goods` WHERE ( g_id=72 ) LIMIT 1   [ RunTime:0.0000s ]
NOTIC: [2] Missing argument 1 for Org\Util\Cart::__construct(), called in F:\WWW\wancezy\JDshop\Application\Home\Controller\ContentController.class.php on line 80 and defined F:\WWW\wancezy\JDshop\ThinkPHP\Library\Org\Util\Cart.class.php 第 24 行.
NOTIC: [8] Undefined variable: app F:\WWW\wancezy\JDshop\ThinkPHP\Library\Org\Util\Cart.class.php 第 25 行.
NOTIC: [8] Undefined index: cart F:\WWW\wancezy\JDshop\ThinkPHP\Library\Org\Util\Cart.class.php 第 191 行.

[ 2017-06-17T15:12:03+08:00 ] ::1 /wancezy/JDshop/index.php/home/cart/index.html
INFO: [ app_init ] --START--
INFO: Run Behavior\BuildLiteBehavior [ RunTime:0.000000s ]
INFO: [ app_init ] --END-- [ RunTime:0.000000s ]
INFO: [ app_begin ] --START--
INFO: Run Behavior\ReadHtmlCacheBehavior [ RunTime:0.000000s ]
INFO: Run Common\Behaviors\appBeginBehavior [ RunTime:0.015600s ]
INFO: [ app_begin ] --END-- [ RunTime:0.015600s ]
SQL: SHOW COLUMNS FROM `jn_goods` [ RunTime:0.0100s ]
SQL: SELECT `jn_type_t_id` FROM `jn_goods` WHERE ( g_id=72 ) LIMIT 1   [ RunTime:0.0010s ]
SQL: SHOW COLUMNS FROM `jn_type_attr` [ RunTime:0.0070s ]
SQL: SELECT * FROM `jn_type_attr` WHERE ( jn_type_t_id=1 and attr_type=1 )  [ RunTime:0.0000s ]
INFO: [ view_parse ] --START--
INFO: [ template_filter ] --START--
INFO: Run Behavior\ContentReplaceBehavior [ RunTime:0.001000s ]
INFO: [ template_filter ] --END-- [ RunTime:0.001000s ]
NOTIC: [8] Use of undefined constant cart - assumed 'cart' F:\WWW\wancezy\JDshop\Application\Runtime\Cache\Home\6f105010063b4e4da2af04cb5dd2d5a4.php 第 724 行.
NOTIC: [8] Use of undefined constant goods - assumed 'goods' F:\WWW\wancezy\JDshop\Application\Runtime\Cache\Home\6f105010063b4e4da2af04cb5dd2d5a4.php 第 724 行.
NOTIC: [8] Use of undefined constant cart - assumed 'cart' F:\WWW\wancezy\JDshop\Application\Runtime\Cache\Home\6f105010063b4e4da2af04cb5dd2d5a4.php 第 724 行.
NOTIC: [8] Use of undefined constant goods - assumed 'goods' F:\WWW\wancezy\JDshop\Application\Runtime\Cache\Home\6f105010063b4e4da2af04cb5dd2d5a4.php 第 724 行.
INFO: Run Behavior\ParseTemplateBehavior [ RunTime:0.014001s ]
INFO: [ view_parse ] --END-- [ RunTime:0.014001s ]
INFO: [ view_filter ] --START--
INFO: Run Behavior\WriteHtmlCacheBehavior [ RunTime:0.000000s ]
INFO: [ view_filter ] --END-- [ RunTime:0.000000s ]
INFO: [ app_end ] --START--
INFO: Run Behavior\ShowPageTraceBehavior [ RunTime:0.001000s ]
INFO: [ app_end ] --END-- [ RunTime:0.001000s ]

[ 2017-06-17T15:12:05+08:00 ] ::1 /wancezy/JDshop/index.php/home/OrderSettle/index.html
INFO: [ app_init ] --START--
INFO: Run Behavior\BuildLiteBehavior [ RunTime:0.000000s ]
INFO: [ app_init ] --END-- [ RunTime:0.000000s ]
INFO: [ app_begin ] --START--
INFO: Run Behavior\ReadHtmlCacheBehavior [ RunTime:0.001001s ]
INFO: Run Common\Behaviors\appBeginBehavior [ RunTime:0.001000s ]
INFO: [ app_begin ] --END-- [ RunTime:0.002001s ]
INFO: [ view_parse ] --START--
INFO: [ template_filter ] --START--
INFO: Run Behavior\ContentReplaceBehavior [ RunTime:0.000000s ]
INFO: [ template_filter ] --END-- [ RunTime:0.000000s ]
INFO: Run Behavior\ParseTemplateBehavior [ RunTime:0.010000s ]
INFO: [ view_parse ] --END-- [ RunTime:0.010000s ]
INFO: [ view_filter ] --START--
INFO: Run Behavior\WriteHtmlCacheBehavior [ RunTime:0.001000s ]
INFO: [ view_filter ] --END-- [ RunTime:0.001000s ]
INFO: [ app_end ] --START--
INFO: Run Behavior\ShowPageTraceBehavior [ RunTime:0.000000s ]
INFO: [ app_end ] --END-- [ RunTime:0.000000s ]

[ 2017-06-17T15:12:44+08:00 ] ::1 /wancezy/JDshop/index.php/home/OrderSettle/index.html
INFO: [ app_init ] --START--
INFO: Run Behavior\BuildLiteBehavior [ RunTime:0.000000s ]
INFO: [ app_init ] --END-- [ RunTime:0.000000s ]
INFO: [ app_begin ] --START--
INFO: Run Behavior\ReadHtmlCacheBehavior [ RunTime:0.001000s ]
INFO: Run Common\Behaviors\appBeginBehavior [ RunTime:0.000000s ]
INFO: [ app_begin ] --END-- [ RunTime:0.001000s ]
INFO: [ view_parse ] --START--
INFO: [ template_filter ] --START--
INFO: Run Behavior\ContentReplaceBehavior [ RunTime:0.000000s ]
INFO: [ template_filter ] --END-- [ RunTime:0.000000s ]
INFO: Run Behavior\ParseTemplateBehavior [ RunTime:0.012001s ]
INFO: [ view_parse ] --END-- [ RunTime:0.013001s ]
INFO: [ view_filter ] --START--
INFO: Run Behavior\WriteHtmlCacheBehavior [ RunTime:0.000000s ]
INFO: [ view_filter ] --END-- [ RunTime:0.000000s ]
INFO: [ app_end ] --START--
INFO: Run Behavior\ShowPageTraceBehavior [ RunTime:0.001000s ]
INFO: [ app_end ] --END-- [ RunTime:0.001000s ]

