[ 2017-06-07T19:14:50+08:00 ] ::1 /wancezy/JDshop/index.php/system/component/uploader.html
INFO: [ app_init ] --START--
INFO: Run Behavior\BuildLiteBehavior [ RunTime:0.000000s ]
INFO: [ app_init ] --END-- [ RunTime:0.000000s ]
INFO: [ app_begin ] --START--
INFO: Run Behavior\ReadHtmlCacheBehavior [ RunTime:0.001000s ]
INFO: Run Common\Behaviors\appBeginBehavior [ RunTime:0.001000s ]
INFO: [ app_begin ] --END-- [ RunTime:0.002000s ]
NOTIC: [2] call_user_func() expects parameter 1 to be a valid callback, no array or string given F:\WWW\wancezy\JDshop\ThinkPHP\Library\Think\Upload.class.php 第 170 行.
SQL: SHOW COLUMNS FROM `jn_core_attachment` [ RunTime:0.0040s ]
SQL: INSERT INTO `jn_core_attachment` (`uid`,`name`,`filename`,`path`,`extension`,`createtime`,`size`,`data`,`hash`) VALUES ('0','7e3e6709c93d70cf98888638fbdcd100baa12b90.jpg','5937e029209c0.jpg','2017-06-07/','jpg','1496834089','49174','','') [ RunTime:0.0600s ]

[ 2017-06-07T19:27:10+08:00 ] ::1 /wancezy/JDshop/index.php/system/component/uploader.html
INFO: [ app_init ] --START--
INFO: Run Behavior\BuildLiteBehavior [ RunTime:0.000000s ]
INFO: [ app_init ] --END-- [ RunTime:0.000000s ]
INFO: [ app_begin ] --START--
INFO: Run Behavior\ReadHtmlCacheBehavior [ RunTime:0.000000s ]
INFO: Run Common\Behaviors\appBeginBehavior [ RunTime:0.001000s ]
INFO: [ app_begin ] --END-- [ RunTime:0.001000s ]
NOTIC: [2] call_user_func() expects parameter 1 to be a valid callback, no array or string given F:\WWW\wancezy\JDshop\ThinkPHP\Library\Think\Upload.class.php 第 170 行.
SQL: SHOW COLUMNS FROM `jn_core_attachment` [ RunTime:0.0100s ]
SQL: INSERT INTO `jn_core_attachment` (`uid`,`name`,`filename`,`path`,`extension`,`createtime`,`size`,`data`,`hash`) VALUES ('0','4cb420385e1e678f6b366754a21ae52d.jpg','5937e30d5ef2d.jpg','2017-06-07/','jpg','1496834829','65749','','') [ RunTime:0.0580s ]

[ 2017-06-07T19:30:31+08:00 ] ::1 /wancezy/JDshop/index.php/system/component/uploader.html
INFO: [ app_init ] --START--
INFO: Run Behavior\BuildLiteBehavior [ RunTime:0.000000s ]
INFO: [ app_init ] --END-- [ RunTime:0.000000s ]
INFO: [ app_begin ] --START--
INFO: Run Behavior\ReadHtmlCacheBehavior [ RunTime:0.000000s ]
INFO: Run Common\Behaviors\appBeginBehavior [ RunTime:0.001000s ]
INFO: [ app_begin ] --END-- [ RunTime:0.001000s ]
NOTIC: [2] call_user_func() expects parameter 1 to be a valid callback, no array or string given F:\WWW\wancezy\JDshop\ThinkPHP\Library\Think\Upload.class.php 第 170 行.
SQL: SHOW COLUMNS FROM `jn_core_attachment` [ RunTime:0.0000s ]
SQL: INSERT INTO `jn_core_attachment` (`uid`,`name`,`filename`,`path`,`extension`,`createtime`,`size`,`data`,`hash`) VALUES ('0','b9bfecdba657b02e2ee3c351d745091a.jpg','5937e3d684c38.jpg','2017-06-07/','jpg','1496835030','17338','','') [ RunTime:0.0780s ]

[ 2017-06-07T19:34:07+08:00 ] ::1 /wancezy/JDshop/index.php/system/component/uploader.html
INFO: [ app_init ] --START--
INFO: Run Behavior\BuildLiteBehavior [ RunTime:0.000000s ]
INFO: [ app_init ] --END-- [ RunTime:0.001000s ]
INFO: [ app_begin ] --START--
INFO: Run Behavior\ReadHtmlCacheBehavior [ RunTime:0.001000s ]
INFO: Run Common\Behaviors\appBeginBehavior [ RunTime:0.001000s ]
INFO: [ app_begin ] --END-- [ RunTime:0.002000s ]
NOTIC: [2] call_user_func() expects parameter 1 to be a valid callback, no array or string given F:\WWW\wancezy\JDshop\ThinkPHP\Library\Think\Upload.class.php 第 170 行.
SQL: SHOW COLUMNS FROM `jn_core_attachment` [ RunTime:0.0000s ]
SQL: INSERT INTO `jn_core_attachment` (`uid`,`name`,`filename`,`path`,`extension`,`createtime`,`size`,`data`,`hash`) VALUES ('0','b9bfecdba657b02e2ee3c351d745091a.jpg','5937e4ae0f6cd.jpg','2017-06-07/','jpg','1496835246','17338','','') [ RunTime:0.0780s ]

[ 2017-06-07T19:38:29+08:00 ] ::1 /wancezy/JDshop/index.php/system/component/uploader.html
INFO: [ app_init ] --START--
INFO: Run Behavior\BuildLiteBehavior [ RunTime:0.001000s ]
INFO: [ app_init ] --END-- [ RunTime:0.001000s ]
INFO: [ app_begin ] --START--
INFO: Run Behavior\ReadHtmlCacheBehavior [ RunTime:0.000000s ]
INFO: Run Common\Behaviors\appBeginBehavior [ RunTime:0.001000s ]
INFO: [ app_begin ] --END-- [ RunTime:0.001000s ]
NOTIC: [2] call_user_func() expects parameter 1 to be a valid callback, no array or string given F:\WWW\wancezy\JDshop\ThinkPHP\Library\Think\Upload.class.php 第 170 行.
SQL: SHOW COLUMNS FROM `jn_core_attachment` [ RunTime:0.0090s ]
SQL: INSERT INTO `jn_core_attachment` (`uid`,`name`,`filename`,`path`,`extension`,`createtime`,`size`,`data`,`hash`) VALUES ('0','4cb420385e1e678f6b366754a21ae52d.jpg','5937e5b412b16.jpg','2017-06-07/','jpg','1496835508','65749','','') [ RunTime:0.0610s ]

[ 2017-06-07T19:41:27+08:00 ] ::1 /wancezy/JDshop/index.php/system/component/uploader.html
INFO: [ app_init ] --START--
INFO: Run Behavior\BuildLiteBehavior [ RunTime:0.000000s ]
INFO: [ app_init ] --END-- [ RunTime:0.001000s ]
INFO: [ app_begin ] --START--
INFO: Run Behavior\ReadHtmlCacheBehavior [ RunTime:0.001000s ]
INFO: Run Common\Behaviors\appBeginBehavior [ RunTime:0.001000s ]
INFO: [ app_begin ] --END-- [ RunTime:0.002000s ]
NOTIC: [2] call_user_func() expects parameter 1 to be a valid callback, no array or string given F:\WWW\wancezy\JDshop\ThinkPHP\Library\Think\Upload.class.php 第 170 行.
SQL: SHOW COLUMNS FROM `jn_core_attachment` [ RunTime:0.0080s ]
SQL: INSERT INTO `jn_core_attachment` (`uid`,`name`,`filename`,`path`,`extension`,`createtime`,`size`,`data`,`hash`) VALUES ('0','4cb420385e1e678f6b366754a21ae52d.jpg','5937e66686b5f.jpg','2017-06-07/','jpg','1496835686','65749','','') [ RunTime:0.0560s ]

[ 2017-06-07T19:41:59+08:00 ] ::1 /wancezy/JDshop/index.php/system/component/uploader.html
INFO: [ app_init ] --START--
INFO: Run Behavior\BuildLiteBehavior [ RunTime:0.000000s ]
INFO: [ app_init ] --END-- [ RunTime:0.000000s ]
INFO: [ app_begin ] --START--
INFO: Run Behavior\ReadHtmlCacheBehavior [ RunTime:0.000000s ]
INFO: Run Common\Behaviors\appBeginBehavior [ RunTime:0.002000s ]
INFO: [ app_begin ] --END-- [ RunTime:0.002000s ]
NOTIC: [2] call_user_func() expects parameter 1 to be a valid callback, no array or string given F:\WWW\wancezy\JDshop\ThinkPHP\Library\Think\Upload.class.php 第 170 行.
SQL: SHOW COLUMNS FROM `jn_core_attachment` [ RunTime:0.0090s ]
SQL: INSERT INTO `jn_core_attachment` (`uid`,`name`,`filename`,`path`,`extension`,`createtime`,`size`,`data`,`hash`) VALUES ('0','b9bfecdba657b02e2ee3c351d745091a.jpg','5937e6860cd60.jpg','2017-06-07/','jpg','1496835718','17338','','') [ RunTime:0.0580s ]

